<?xml version="1.0" encoding="UTF-8"?>
<!-- Generated by org.testng.reporters.JUnitReportReporter -->
<testsuite hostname="ZSCHN01LP0391" failures="0" tests="1" name="testScripts.FullPageScreenshotTest" time="4.686" errors="0" timestamp="2024-01-31T13:16:14 IST" skipped="0">
  <testcase classname="testScripts.FullPageScreenshotTest" name="fullPage" time="4.686"/>
  <system-out/>
</testsuite> <!-- testScripts.FullPageScreenshotTest -->
