<?xml version="1.0" encoding="UTF-8"?>
<!-- Generated by org.testng.reporters.JUnitReportReporter -->
<testsuite hostname="ZSCHN01LP0391" failures="0" tests="2" name="testScripts.BeforeAfterTest" time="6.585" errors="0" timestamp="2024-02-01T15:39:57 IST" skipped="0">
  <testcase classname="testScripts.BeforeAfterTest" name="selenium" time="1.527"/>
  <system-out/>
  <testcase classname="testScripts.BeforeAfterTest" name="java" time="5.058"/>
  <system-out/>
</testsuite> <!-- testScripts.BeforeAfterTest -->
