<?xml version="1.0" encoding="UTF-8"?>
<!-- Generated by org.testng.reporters.JUnitReportReporter -->
<testsuite hostname="ZSCHN01LP0391" failures="0" tests="3" name="testScripts.DemoBlaze" time="17.940" errors="0" timestamp="2024-02-05T16:06:34 IST" skipped="0">
  <testcase classname="testScripts.DemoBlaze" name="addToCart" time="8.621"/>
  <system-out/>
  <testcase classname="testScripts.DemoBlaze" name="addToCart" time="7.563"/>
  <system-out/>
  <testcase classname="testScripts.DemoBlaze" name="displayCart" time="1.756"/>
  <system-out/>
</testsuite> <!-- testScripts.DemoBlaze -->
