<?xml version="1.0" encoding="UTF-8"?>
<!-- Generated by org.testng.reporters.JUnitReportReporter -->
<testsuite hostname="ZSCHN01LP0391" failures="0" tests="1" name="testScripts.MouseActionTest" time="3.933" errors="0" timestamp="2024-01-31T12:52:22 IST" skipped="0">
  <testcase classname="testScripts.MouseActionTest" name="actionTest" time="3.933"/>
  <system-out/>
</testsuite> <!-- testScripts.MouseActionTest -->
