<?xml version="1.0" encoding="UTF-8"?>
<!-- Generated by org.testng.reporters.JUnitReportReporter -->
<testsuite hostname="ZSCHN01LP0391" failures="0" tests="1" name="testScripts.HideImageTest" time="0.013" errors="0" timestamp="2024-02-01T10:40:47 IST" skipped="0">
  <testcase classname="testScripts.HideImageTest" name="hideImage" time="0.013"/>
  <system-out/>
</testsuite> <!-- testScripts.HideImageTest -->
