<?xml version="1.0" encoding="UTF-8"?>
<!-- Generated by org.testng.reporters.JUnitReportReporter -->
<testsuite hostname="ZSCHN01LP0391" failures="0" tests="1" name="testScripts.CheckRadioButton" time="5.820" errors="0" timestamp="2024-01-31T11:02:37 IST" skipped="0">
  <testcase classname="testScripts.CheckRadioButton" name="checkButton" time="5.820"/>
  <system-out/>
</testsuite> <!-- testScripts.CheckRadioButton -->
