<?xml version="1.0" encoding="UTF-8"?>
<!-- Generated by org.testng.reporters.JUnitReportReporter -->
<testsuite hostname="ZSCHN01LP0391" failures="0" tests="4" name="parallelScripts.SampleThreeTest" time="8.633" errors="0" timestamp="2024-02-02T15:25:56 IST" skipped="0">
  <testcase classname="parallelScripts.SampleThreeTest" name="testTwo" time="2.092"/>
  <system-out/>
  <testcase classname="parallelScripts.SampleThreeTest" name="testOne" time="1.948"/>
  <system-out/>
  <testcase classname="parallelScripts.SampleThreeTest" name="testThree" time="2.035"/>
  <system-out/>
  <testcase classname="parallelScripts.SampleThreeTest" name="testFour" time="2.558"/>
  <system-out/>
</testsuite> <!-- parallelScripts.SampleThreeTest -->
