<?xml version="1.0" encoding="UTF-8"?>
<!-- Generated by org.testng.reporters.JUnitReportReporter -->
<testsuite hostname="ZSCHN01LP0391" failures="0" tests="1" name="testScripts.SeleniumEasyTest" time="3.466" errors="0" timestamp="2024-01-31T09:45:19 IST" skipped="0">
  <testcase classname="testScripts.SeleniumEasyTest" name="automateForms" time="3.466"/>
  <system-out/>
</testsuite> <!-- testScripts.SeleniumEasyTest -->
