<?xml version="1.0" encoding="UTF-8"?>
<!-- Generated by org.testng.reporters.JUnitReportReporter -->
<testsuite hostname="ZSCHN01LP0391" failures="0" tests="1" name="testScripts.LambdaTest" time="6.064" errors="0" timestamp="2024-02-03T08:40:27 IST" skipped="0">
  <testcase classname="testScripts.LambdaTest" name="lambdaPageTest" time="6.064"/>
  <system-out/>
</testsuite> <!-- testScripts.LambdaTest -->
