<?xml version="1.0" encoding="UTF-8"?>
<!-- Generated by org.testng.reporters.JUnitReportReporter -->
<testsuite hostname="ZSCHN01LP0391" failures="0" tests="4" name="parallelScripts.SampleTwoTest" time="7.742" errors="0" timestamp="2024-02-02T15:25:56 IST" skipped="0">
  <testcase classname="parallelScripts.SampleTwoTest" name="testone" time="1.939"/>
  <system-out/>
  <testcase classname="parallelScripts.SampleTwoTest" name="testthree" time="2.171"/>
  <system-out/>
  <testcase classname="parallelScripts.SampleTwoTest" name="testtwo" time="1.792"/>
  <system-out/>
  <testcase classname="parallelScripts.SampleTwoTest" name="testfour" time="1.840"/>
  <system-out/>
</testsuite> <!-- parallelScripts.SampleTwoTest -->
