<?xml version="1.0" encoding="UTF-8"?>
<!-- Generated by org.testng.reporters.JUnitReportReporter -->
<testsuite hostname="ZSCHN01LP0391" failures="0" tests="3" name="testScripts.SkipingTest" time="12.113" errors="0" timestamp="2024-02-01T16:32:42 IST" skipped="1">
  <testcase classname="testScripts.SkipingTest" name="java" time="6.581"/>
  <system-out/>
  <testcase classname="testScripts.SkipingTest" name="cucumber" time="5.532"/>
  <system-out/>
  <testcase classname="testScripts.SkipingTest" name="selenium">
    <skipped/>
  </testcase> <!-- selenium -->
  <system-out/>
</testsuite> <!-- testScripts.SkipingTest -->
