<?xml version="1.0" encoding="UTF-8"?>
<!-- Generated by org.testng.reporters.JUnitReportReporter -->
<testsuite hostname="ZSCHN01LP0391" failures="0" tests="1" name="testScripts.EmpDBTest" time="0.006" errors="0" timestamp="2024-02-12T07:24:47 IST" skipped="0">
  <testcase classname="testScripts.EmpDBTest" name="test" time="0.006"/>
  <system-out/>
</testsuite> <!-- testScripts.EmpDBTest -->
