<?xml version="1.0" encoding="UTF-8"?>
<!-- Generated by org.testng.reporters.JUnitReportReporter -->
<testsuite hostname="ZSCHN01LP0391" failures="0" tests="2" name="testScripts.SampleOneTest" time="8.853" errors="0" timestamp="2024-02-14T15:09:47 IST" skipped="0">
  <testcase classname="testScripts.SampleOneTest" name="java" time="4.758"/>
  <system-out/>
  <testcase classname="testScripts.SampleOneTest" name="selenium" time="4.095"/>
  <system-out/>
</testsuite> <!-- testScripts.SampleOneTest -->
