<?xml version="1.0" encoding="UTF-8"?>
<!-- Generated by org.testng.reporters.JUnitReportReporter -->
<testsuite hostname="ZSCHN01LP0391" failures="0" tests="1" name="grouping.SampleTwoTest" time="0.006" errors="0" timestamp="2024-02-01T17:37:14 IST" skipped="0">
  <testcase classname="grouping.SampleTwoTest" name="testFour" time="0.006"/>
  <system-out/>
</testsuite> <!-- grouping.SampleTwoTest -->
