<?xml version="1.0" encoding="UTF-8"?>
<!-- Generated by org.testng.reporters.JUnitReportReporter -->
<testsuite hostname="ZSCHN01LP0391" failures="0" tests="1" name="testScripts.IFrameCherTest" time="5.220" errors="0" timestamp="2024-01-31T20:04:14 IST" skipped="0">
  <testcase classname="testScripts.IFrameCherTest" name="frameTest" time="5.220"/>
  <system-out/>
</testsuite> <!-- testScripts.IFrameCherTest -->
