<?xml version="1.0" encoding="UTF-8"?>
<!-- Generated by org.testng.reporters.JUnitReportReporter -->
<testsuite hostname="ZSCHN01LP0391" failures="0" tests="3" name="testScripts.LogInTest" time="20.642" errors="0" timestamp="2024-02-02T17:30:30 IST" skipped="0">
  <testcase classname="testScripts.LogInTest" name="validLogin" time="5.485"/>
  <system-out/>
  <testcase classname="testScripts.LogInTest" name="validLogin" time="6.510"/>
  <system-out/>
  <testcase classname="testScripts.LogInTest" name="validLogin" time="8.647"/>
  <system-out/>
</testsuite> <!-- testScripts.LogInTest -->
