<?xml version="1.0" encoding="UTF-8"?>
<!-- Generated by org.testng.reporters.JUnitReportReporter -->
<testsuite hostname="ZSCHN01LP0391" failures="0" tests="1" name="testScripts.BookStoreTest" time="3.300" errors="0" timestamp="2024-01-31T09:43:01 IST" skipped="0">
  <testcase classname="testScripts.BookStoreTest" name="f" time="3.300"/>
  <system-out/>
</testsuite> <!-- testScripts.BookStoreTest -->
