<?xml version="1.0" encoding="UTF-8"?>
<!-- Generated by org.testng.reporters.JUnitReportReporter -->
<testsuite hostname="ZSCHN01LP0391" failures="0" tests="2" name="testScripts.DependsOnMethodTest" time="40.046" errors="0" timestamp="2024-02-02T10:01:30 IST" skipped="0">
  <testcase classname="testScripts.DependsOnMethodTest" name="selenium" time="25.506"/>
  <system-out/>
  <testcase classname="testScripts.DependsOnMethodTest" name="java" time="14.540"/>
  <system-out/>
</testsuite> <!-- testScripts.DependsOnMethodTest -->
