<?xml version="1.0" encoding="UTF-8"?>
<!-- Generated by org.testng.reporters.JUnitReportReporter -->
<testsuite hostname="ZSCHN01LP0391" failures="0" tests="1" name="testScripts.HandleIFrameTest" time="14.949" errors="0" timestamp="2024-02-03T11:38:28 IST" skipped="0">
  <testcase classname="testScripts.HandleIFrameTest" name="frame" time="14.949"/>
  <system-out/>
</testsuite> <!-- testScripts.HandleIFrameTest -->
