<?xml version="1.0" encoding="UTF-8"?>
<!-- Generated by org.testng.reporters.JUnitReportReporter -->
<testsuite hostname="ZSCHN01LP0391" failures="0" tests="4" name="parallelScripts.SampleOneTest" time="8.820" errors="0" timestamp="2024-02-02T15:25:56 IST" skipped="0">
  <testcase classname="parallelScripts.SampleOneTest" name="test1" time="2.558"/>
  <system-out/>
  <testcase classname="parallelScripts.SampleOneTest" name="test3" time="2.027"/>
  <system-out/>
  <testcase classname="parallelScripts.SampleOneTest" name="test2" time="2.034"/>
  <system-out/>
  <testcase classname="parallelScripts.SampleOneTest" name="test4" time="2.201"/>
  <system-out/>
</testsuite> <!-- parallelScripts.SampleOneTest -->
