<?xml version="1.0" encoding="UTF-8"?>
<!-- Generated by org.testng.reporters.JUnitReportReporter -->
<testsuite hostname="ZSCHN01LP0391" failures="0" tests="1" name="testScripts.FileDownloadTest" time="25.576" errors="0" timestamp="2024-02-01T10:11:41 IST" skipped="0">
  <testcase classname="testScripts.FileDownloadTest" name="fileDownload" time="25.576"/>
  <system-out/>
</testsuite> <!-- testScripts.FileDownloadTest -->
