<?xml version="1.0" encoding="UTF-8"?>
<!-- Generated by org.testng.reporters.JUnitReportReporter -->
<testsuite hostname="ZSCHN01LP0391" failures="0" tests="1" name="testScripts.DropDownTest" time="9.227" errors="0" timestamp="2024-02-03T08:39:09 IST" skipped="0">
  <testcase classname="testScripts.DropDownTest" name="dropDown" time="9.227"/>
  <system-out/>
</testsuite> <!-- testScripts.DropDownTest -->
