<?xml version="1.0" encoding="UTF-8"?>
<!-- Generated by org.testng.reporters.JUnitReportReporter -->
<testsuite hostname="ZSCHN01LP0391" failures="0" tests="1" name="testScripts.SanFransiscoTest" time="3.161" errors="0" timestamp="2024-01-30T16:31:55 IST" skipped="0">
  <testcase classname="testScripts.SanFransiscoTest" name="empDetails" time="3.161"/>
  <system-out/>
</testsuite> <!-- testScripts.SanFransiscoTest -->
