<?xml version="1.0" encoding="UTF-8"?>
<!-- Generated by org.testng.reporters.JUnitReportReporter -->
<testsuite hostname="ZSCHN01LP0391" failures="0" tests="1" name="testScripts.AlertTest" time="5.257" errors="0" timestamp="2024-01-31T14:54:42 IST" skipped="0">
  <testcase classname="testScripts.AlertTest" name="sampeAlert" time="5.257"/>
  <system-out/>
</testsuite> <!-- testScripts.AlertTest -->
