<?xml version="1.0" encoding="UTF-8"?>
<!-- Generated by org.testng.reporters.JUnitReportReporter -->
<testsuite hostname="ZSCHN01LP0391" failures="0" tests="6" name="testScripts.DemoBlazeLogInTest" time="31.933" errors="0" timestamp="2024-02-07T17:06:13 IST" skipped="0">
  <testcase classname="testScripts.DemoBlazeLogInTest" name="incorrectUserName" time="6.634"/>
  <system-out/>
  <testcase classname="testScripts.DemoBlazeLogInTest" name="incorrectPassword" time="5.608"/>
  <system-out/>
  <testcase classname="testScripts.DemoBlazeLogInTest" name="incorrectUsername_incorrectPassword" time="5.659"/>
  <system-out/>
  <testcase classname="testScripts.DemoBlazeLogInTest" name="blankPassword" time="4.589"/>
  <system-out/>
  <testcase classname="testScripts.DemoBlazeLogInTest" name="blankUsername" time="4.789"/>
  <system-out/>
  <testcase classname="testScripts.DemoBlazeLogInTest" name="blankUsername_blankpassword" time="4.654"/>
  <system-out/>
</testsuite> <!-- testScripts.DemoBlazeLogInTest -->
