<?xml version="1.0" encoding="UTF-8"?>
<!-- Generated by org.testng.reporters.JUnitReportReporter -->
<testsuite hostname="ZSCHN01LP0391" failures="0" tests="1" name="grouping.SampleThreeTest" time="0.007" errors="0" timestamp="2024-02-01T17:48:13 IST" skipped="0">
  <testcase classname="grouping.SampleThreeTest" name="testFour" time="0.007"/>
  <system-out/>
</testsuite> <!-- grouping.SampleThreeTest -->
