<?xml version="1.0" encoding="UTF-8"?>
<!-- Generated by org.testng.reporters.JUnitReportReporter -->
<testsuite hostname="ZSCHN01LP0391" failures="0" tests="1" name="testScripts.LoginPageTest" time="11.450" errors="0" timestamp="2024-01-30T12:05:02 IST" skipped="0">
  <testcase classname="testScripts.LoginPageTest" name="validLogin" time="11.450"/>
  <system-out/>
</testsuite> <!-- testScripts.LoginPageTest -->
