<?xml version="1.0" encoding="UTF-8"?>
<!-- Generated by org.testng.reporters.JUnitReportReporter -->
<testsuite hostname="ZSCHN01LP0391" failures="0" tests="1" name="testScripts.HandleIFrameTest" time="18.024" errors="0" timestamp="2024-02-21T15:30:47 IST" skipped="0">
  <testcase classname="testScripts.HandleIFrameTest" name="frame" time="18.024"/>
  <system-out/>
</testsuite> <!-- testScripts.HandleIFrameTest -->
