<?xml version="1.0" encoding="UTF-8"?>
<!-- Generated by org.testng.reporters.JUnitReportReporter -->
<testsuite hostname="ZSCHN01LP0391" failures="0" tests="1" name="testScripts.WebTableTest" time="6.526" errors="0" timestamp="2024-01-31T19:38:55 IST" skipped="0">
  <testcase classname="testScripts.WebTableTest" name="searchEmpDetails" time="6.526"/>
  <system-out/>
</testsuite> <!-- testScripts.WebTableTest -->
