<?xml version="1.0" encoding="UTF-8"?>
<!-- Generated by org.testng.reporters.JUnitReportReporter -->
<testsuite hostname="ZSCHN01LP0391" failures="0" tests="1" name="testScripts.HandleIFrameJQuery" time="8.956" errors="0" timestamp="2024-02-03T12:10:16 IST" skipped="0">
  <testcase classname="testScripts.HandleIFrameJQuery" name="f" time="8.956"/>
  <system-out/>
</testsuite> <!-- testScripts.HandleIFrameJQuery -->
