<?xml version="1.0" encoding="UTF-8"?>
<!-- Generated by org.testng.reporters.JUnitReportReporter -->
<testsuite hostname="ZSCHN01LP0391" failures="0" tests="1" name="testScripts.PageLoadTest" time="12.158" errors="0" timestamp="2024-02-01T13:10:49 IST" skipped="0">
  <testcase classname="testScripts.PageLoadTest" name="pageLoad" time="12.158"/>
  <system-out/>
</testsuite> <!-- testScripts.PageLoadTest -->
