<?xml version="1.0" encoding="UTF-8"?>
<!-- Generated by org.testng.reporters.JUnitReportReporter -->
<testsuite hostname="ZSCHN01LP0391" failures="0" tests="1" name="testScripts.ExpWaitTest" time="19.646" errors="0" timestamp="2024-02-01T12:59:39 IST" skipped="0">
  <testcase classname="testScripts.ExpWaitTest" name="explicitWait" time="19.646"/>
  <system-out/>
</testsuite> <!-- testScripts.ExpWaitTest -->
