<?xml version="1.0" encoding="UTF-8"?>
<!-- Generated by org.testng.reporters.JUnitReportReporter -->
<testsuite hostname="ZSCHN01LP0391" failures="0" tests="3" name="testScripts.PriorityTest" time="20.352" errors="0" timestamp="2024-02-01T16:20:39 IST" skipped="0">
  <testcase classname="testScripts.PriorityTest" name="cucumber" time="6.596"/>
  <system-out/>
  <testcase classname="testScripts.PriorityTest" name="selenium" time="4.952"/>
  <system-out/>
  <testcase classname="testScripts.PriorityTest" name="java" time="8.804"/>
  <system-out/>
</testsuite> <!-- testScripts.PriorityTest -->
