<?xml version="1.0" encoding="UTF-8"?>
<!-- Generated by org.testng.reporters.JUnitReportReporter -->
<testsuite hostname="ZSCHN01LP0391" failures="0" tests="2" name="testScripts.BeforeAfterMethod" time="20.365" errors="0" timestamp="2024-02-01T15:27:41 IST" skipped="0">
  <testcase classname="testScripts.BeforeAfterMethod" name="java" time="8.111"/>
  <system-out/>
  <testcase classname="testScripts.BeforeAfterMethod" name="selenium" time="12.254"/>
  <system-out/>
</testsuite> <!-- testScripts.BeforeAfterMethod -->
