<?xml version="1.0" encoding="UTF-8"?>
<!-- Generated by org.testng.reporters.JUnitReportReporter -->
<testsuite hostname="ZSCHN01LP0391" failures="0" tests="1" name="testScripts.PopupWinTest" time="9.804" errors="0" timestamp="2024-01-31T15:58:56 IST" skipped="0">
  <testcase classname="testScripts.PopupWinTest" name="f" time="9.804"/>
  <system-out/>
</testsuite> <!-- testScripts.PopupWinTest -->
