<?xml version="1.0" encoding="UTF-8"?>
<!-- Generated by org.testng.reporters.JUnitReportReporter -->
<testsuite hostname="ZSCHN01LP0391" failures="0" tests="1" name="testScripts.AutoCompleteTest" time="5.523" errors="0" timestamp="2024-02-01T17:58:28 IST" skipped="0">
  <testcase classname="testScripts.AutoCompleteTest" name="autoComplete" time="5.523"/>
  <system-out/>
</testsuite> <!-- testScripts.AutoCompleteTest -->
